2024-01-30 14:35:28.556 [info] Extension host with pid 199452 started
2024-01-30 14:35:28.556 [info] Skipping acquiring lock for /home/kolbe/.config/Code/User/workspaceStorage/ae1a6de2d8bcb54b93462c2841418acd.
2024-01-30 14:35:28.636 [info] ExtensionService#_doActivateExtension vscode.emmet, startup: false, activationEvent: 'onLanguage'
2024-01-30 14:35:28.650 [info] ExtensionService#_doActivateExtension ms-python.python, startup: false, activationEvent: 'onLanguage:python', root cause: ms-python.isort
2024-01-30 14:35:28.788 [info] ExtensionService#_doActivateExtension ms-toolsai.jupyter, startup: false, activationEvent: 'onLanguage:python'
2024-01-30 14:35:29.435 [info] ExtensionService#_doActivateExtension ms-toolsai.jupyter-renderers, startup: false, activationEvent: 'api', root cause: ms-toolsai.jupyter
2024-01-30 14:35:29.594 [info] ExtensionService#_doActivateExtension ms-python.isort, startup: false, activationEvent: 'onLanguage:python'
2024-01-30 14:35:29.615 [info] ExtensionService#_doActivateExtension ms-python.vscode-pylance, startup: false, activationEvent: 'onLanguage:python'
2024-01-30 14:35:30.075 [info] ExtensionService#_doActivateExtension vscode.git-base, startup: true, activationEvent: '*', root cause: vscode.git
2024-01-30 14:35:30.303 [info] ExtensionService#_doActivateExtension vscode.git, startup: true, activationEvent: '*'
2024-01-30 14:35:30.340 [info] ExtensionService#_doActivateExtension vscode.github, startup: true, activationEvent: '*'
2024-01-30 14:35:30.449 [info] Eager extensions activated
2024-01-30 14:35:30.495 [info] ExtensionService#_doActivateExtension vscode.debug-auto-launch, startup: false, activationEvent: 'onStartupFinished'
2024-01-30 14:35:30.498 [info] ExtensionService#_doActivateExtension vscode.merge-conflict, startup: false, activationEvent: 'onStartupFinished'
2024-01-30 14:35:30.510 [info] ExtensionService#_doActivateExtension bradlc.vscode-tailwindcss, startup: false, activationEvent: 'onStartupFinished'
2024-01-30 14:35:30.532 [info] ExtensionService#_doActivateExtension esbenp.prettier-vscode, startup: false, activationEvent: 'onStartupFinished'
2024-01-30 14:35:30.583 [info] ExtensionService#_doActivateExtension ritwickdey.LiveServer, startup: false, activationEvent: 'onStartupFinished'
2024-01-30 14:37:21.584 [error] [ms-python.python] provider FAILED
2024-01-30 14:37:21.585 [error] TypeError: Cannot read properties of undefined (reading 'data')
	at /home/kolbe/.vscode/extensions/ms-python.vscode-pylance-2023.12.1/dist/extension.bundle.js:1:139734
	at _0x1be708 (/home/kolbe/.vscode/extensions/ms-python.vscode-pylance-2023.12.1/dist/extension.bundle.js:1:152918)
	at async ve.provideCompletionItems (/usr/share/code/resources/app/out/vs/workbench/api/node/extensionHostProcess.js:143:53055)
