2024-01-29 11:21:29.998 [info] Added views:workbench.panel.markers.view in workbench.panel.markers
2024-01-29 11:21:29.998 [info] Added views:workbench.panel.output in workbench.panel.output
2024-01-29 11:21:29.998 [info] Added views:terminal in terminal
2024-01-29 11:21:29.998 [info] Added views:outline in workbench.view.explorer
2024-01-29 11:21:29.998 [info] Added views:workbench.scm in workbench.view.scm
2024-01-29 11:21:29.998 [info] Added views:workbench.view.search in workbench.view.search
2024-01-29 11:21:29.998 [info] Added views:timeline in workbench.view.explorer
2024-01-29 11:21:29.998 [info] Added views:workbench.explorer.openEditorsView,workbench.explorer.fileView in workbench.view.explorer
2024-01-29 11:21:30.220 [info] Added views:workbench.debug.variablesView,workbench.debug.watchExpressionsView,workbench.debug.callStackView,workbench.debug.breakPointsView in workbench.view.debug
2024-01-29 11:21:30.397 [info] Added views:dockerContainers,dockerImages,dockerRegistries,dockerNetworks,dockerVolumes,vscode-docker.views.dockerContexts,vscode-docker.views.help in workbench.view.extension.dockerView
2024-01-29 11:21:31.289 [info] Added views:~remote.forwardedPorts in ~remote.forwardedPortsContainer
2024-01-29 11:21:39.677 [info] Added views:workbench.panel.repl.view in workbench.panel.repl
2024-01-29 11:21:42.611 [info] Added views:workbench.panel.markers.view in workbench.panel.markers
2024-01-29 11:21:42.611 [info] Added views:workbench.panel.output in workbench.panel.output
2024-01-29 11:21:42.611 [info] Added views:terminal in terminal
2024-01-29 11:21:42.611 [info] Added views:outline in workbench.view.explorer
2024-01-29 11:21:42.611 [info] Added views:workbench.scm in workbench.view.scm
2024-01-29 11:21:42.611 [info] Added views:workbench.view.search in workbench.view.search
2024-01-29 11:21:42.611 [info] Added views:timeline in workbench.view.explorer
2024-01-29 11:21:42.611 [info] Added views:workbench.explorer.openEditorsView,workbench.explorer.fileView in workbench.view.explorer
2024-01-29 11:21:42.745 [info] Added views:dockerContainers,dockerImages,dockerRegistries,dockerNetworks,dockerVolumes,vscode-docker.views.dockerContexts,vscode-docker.views.help in workbench.view.extension.dockerView
2024-01-29 11:21:42.891 [info] Added views:workbench.debug.variablesView,workbench.debug.watchExpressionsView,workbench.debug.callStackView,workbench.debug.breakPointsView in workbench.view.debug
2024-01-29 11:21:42.898 [info] Added views:~remote.forwardedPorts in ~remote.forwardedPortsContainer
2024-01-29 11:21:43.218 [info] Added views:workbench.panel.repl.view in workbench.panel.repl
2024-01-29 11:21:43.219 [info] Removed views:workbench.debug.breakPointsView,workbench.debug.callStackView,workbench.debug.watchExpressionsView,workbench.debug.variablesView from workbench.view.debug
2024-01-29 11:21:43.220 [info] Added views:workbench.debug.welcome in workbench.view.debug
2024-01-29 11:22:11.179 [info] Added views:workbench.panel.markers.view in workbench.panel.markers
2024-01-29 11:22:11.179 [info] Added views:workbench.panel.output in workbench.panel.output
2024-01-29 11:22:11.179 [info] Added views:terminal in terminal
2024-01-29 11:22:11.179 [info] Added views:outline in workbench.view.explorer
2024-01-29 11:22:11.179 [info] Added views:workbench.scm in workbench.view.scm
2024-01-29 11:22:11.179 [info] Added views:workbench.view.search in workbench.view.search
2024-01-29 11:22:11.179 [info] Added views:timeline in workbench.view.explorer
2024-01-29 11:22:11.179 [info] Added views:workbench.explorer.openEditorsView,workbench.explorer.fileView in workbench.view.explorer
2024-01-29 11:22:11.328 [info] Added views:dockerContainers,dockerImages,dockerRegistries,dockerNetworks,dockerVolumes,vscode-docker.views.dockerContexts,vscode-docker.views.help in workbench.view.extension.dockerView
2024-01-29 11:22:11.462 [info] Added views:workbench.debug.variablesView,workbench.debug.watchExpressionsView,workbench.debug.callStackView,workbench.debug.breakPointsView in workbench.view.debug
2024-01-29 11:22:11.470 [info] Added views:~remote.forwardedPorts in ~remote.forwardedPortsContainer
2024-01-29 11:22:11.694 [info] Added views:workbench.panel.repl.view in workbench.panel.repl
2024-01-29 11:22:11.696 [info] Removed views:workbench.debug.breakPointsView,workbench.debug.callStackView,workbench.debug.watchExpressionsView,workbench.debug.variablesView from workbench.view.debug
2024-01-29 11:22:11.697 [info] Added views:workbench.debug.welcome in workbench.view.debug
2024-01-29 11:27:17.599 [info] Added views:workbench.panel.markers.view in workbench.panel.markers
2024-01-29 11:27:17.599 [info] Added views:workbench.panel.output in workbench.panel.output
2024-01-29 11:27:17.599 [info] Added views:terminal in terminal
2024-01-29 11:27:17.599 [info] Added views:outline in workbench.view.explorer
2024-01-29 11:27:17.599 [info] Added views:workbench.scm in workbench.view.scm
2024-01-29 11:27:17.599 [info] Added views:workbench.view.search in workbench.view.search
2024-01-29 11:27:17.599 [info] Added views:timeline in workbench.view.explorer
2024-01-29 11:27:17.599 [info] Added views:workbench.explorer.openEditorsView,workbench.explorer.fileView in workbench.view.explorer
2024-01-29 11:27:17.842 [info] Added views:dockerContainers,dockerImages,dockerRegistries,dockerNetworks,dockerVolumes,vscode-docker.views.dockerContexts,vscode-docker.views.help in workbench.view.extension.dockerView
2024-01-29 11:27:17.979 [info] Added views:workbench.debug.welcome in workbench.view.debug
2024-01-29 11:27:18.032 [info] Added views:workbench.panel.repl.view in workbench.panel.repl
2024-01-29 11:27:18.206 [info] Added views:~remote.forwardedPorts in ~remote.forwardedPortsContainer
