2024-01-29 11:21:40.135 [info] Log level: Info
2024-01-29 11:21:40.135 [info] Validating found git in: "git"
2024-01-29 11:21:40.135 [info] Using git "2.34.1" from "git"
2024-01-29 11:21:40.135 [info] > git rev-parse --show-toplevel [15ms]
2024-01-29 11:21:40.135 [info] > git rev-parse --git-dir --git-common-dir [3ms]
2024-01-29 11:21:40.135 [info] Open repository: /home/kolbe/ignatius-book-club
2024-01-29 11:21:40.158 [info] > git rev-parse --show-toplevel [10ms]
2024-01-29 11:21:40.159 [info] > git config --get commit.template [17ms]
2024-01-29 11:21:40.243 [info] > git rev-parse --show-toplevel [74ms]
2024-01-29 11:21:40.319 [info] > git for-each-ref --format=%(refname)%00%(upstream:short)%00%(objectname)%00%(upstream:track)%00%(upstream:remotename)%00%(upstream:remoteref) refs/heads/develop refs/remotes/develop [78ms]
2024-01-29 11:21:40.327 [info] > git rev-parse --show-toplevel [11ms]
2024-01-29 11:21:40.346 [info] > git rev-parse --show-toplevel [10ms]
2024-01-29 11:21:40.373 [info] > git status -z -uall [14ms]
2024-01-29 11:21:40.396 [info] > git rev-parse --show-toplevel [27ms]
2024-01-29 11:21:40.431 [info] > git config --get commit.template [35ms]
2024-01-29 11:21:40.433 [info] > git rev-parse --show-toplevel [16ms]
2024-01-29 11:21:40.485 [info] > git rev-parse --show-toplevel [9ms]
2024-01-29 11:21:40.486 [info] > git for-each-ref --format=%(refname)%00%(upstream:short)%00%(objectname)%00%(upstream:track)%00%(upstream:remotename)%00%(upstream:remoteref) refs/heads/develop refs/remotes/develop [18ms]
2024-01-29 11:21:40.513 [info] > git status -z -uall [5ms]
2024-01-29 11:21:40.692 [info] > git check-ignore -v -z --stdin [10ms]
2024-01-29 11:21:40.717 [info] > git show --textconv :apps/ignatius-book-fairs/cypress/e2e/spec.cy.ts [11ms]
2024-01-29 11:21:40.719 [info] > git ls-files --stage -- /home/kolbe/ignatius-book-club/apps/ignatius-book-fairs/cypress/e2e/spec.cy.ts [3ms]
2024-01-29 11:21:43.395 [info] Log level: Info
2024-01-29 11:21:43.395 [info] Validating found git in: "git"
2024-01-29 11:21:43.395 [info] Using git "2.34.1" from "git"
2024-01-29 11:21:43.395 [info] > git rev-parse --show-toplevel [4ms]
2024-01-29 11:21:43.395 [info] fatal: not a git repository (or any of the parent directories): .git
2024-01-29 11:21:43.396 [info] > git rev-parse --show-toplevel [1ms]
2024-01-29 11:21:43.396 [info] fatal: not a git repository (or any of the parent directories): .git
2024-01-29 11:22:12.025 [info] Log level: Info
2024-01-29 11:22:12.026 [info] Validating found git in: "git"
2024-01-29 11:22:12.026 [info] Using git "2.34.1" from "git"
2024-01-29 11:22:12.026 [info] > git rev-parse --show-toplevel [7ms]
2024-01-29 11:22:12.026 [info] fatal: not a git repository (or any of the parent directories): .git
2024-01-29 11:22:12.091 [info] > git rev-parse --show-toplevel [2ms]
2024-01-29 11:22:12.091 [info] fatal: not a git repository (or any of the parent directories): .git
2024-01-29 11:27:18.144 [info] Log level: Info
2024-01-29 11:27:18.144 [info] Validating found git in: "git"
2024-01-29 11:27:18.144 [info] Using git "2.34.1" from "git"
2024-01-29 11:27:18.144 [info] > git rev-parse --show-toplevel [3ms]
2024-01-29 11:27:18.144 [info] fatal: not a git repository (or any of the parent directories): .git
2024-01-29 11:27:18.145 [info] > git rev-parse --show-toplevel [3ms]
2024-01-29 11:27:18.145 [info] fatal: not a git repository (or any of the parent directories): .git
2024-01-29 11:27:18.157 [info] > git rev-parse --show-toplevel [3ms]
2024-01-29 11:27:18.157 [info] fatal: not a git repository (or any of the parent directories): .git
2024-01-29 11:27:18.304 [info] > git rev-parse --show-toplevel [8ms]
2024-01-29 11:27:18.304 [info] fatal: not a git repository (or any of the parent directories): .git
2024-01-29 11:27:18.333 [info] > git rev-parse --show-toplevel [2ms]
2024-01-29 11:27:18.333 [info] fatal: not a git repository (or any of the parent directories): .git
2024-01-29 11:27:18.636 [info] > git rev-parse --show-toplevel [2ms]
2024-01-29 11:27:18.637 [info] fatal: not a git repository (or any of the parent directories): .git
2024-01-29 11:27:19.033 [info] > git rev-parse --show-toplevel [4ms]
2024-01-29 11:27:19.033 [info] fatal: not a git repository (or any of the parent directories): .git
