[12/18/23, 14:07:09:965] info: 
╔═════════════════════════════════════════════════════════╗
║      Slack 4.35.131, linux 6.2.0-39-generic on x64      ║
╚═════════════════════════════════════════════════════════╝ 
[12/18/23, 14:07:09:965] info: Configured logger via 
{
  "enableConsoleTransport": true,
  "identifierOverride": "webapp-service-worker-console",
  "loggerInstanceCount": 2
}
[12/18/23, 14:07:09:965] info: Predefined values for process 
{
  "NODE_ENV": "production",
  "platform": "linux",
  "type": "browser",
  "timeZone": "America/New_York",
  "PACKAGE_MANIFEST.productName": "Slack",
  "PACKAGE_MANIFEST.version": "4.35.131",
  "PACKAGE_MANIFEST.commit": "e5ca49e",
  "PACKAGE_MANIFEST.branch": "HEAD"
}
[12/18/23, 14:07:53:132] info: 
╔═════════════════════════════════════════════════════════╗
║      Slack 4.35.131, linux 6.2.0-39-generic on x64      ║
╚═════════════════════════════════════════════════════════╝ 
[12/18/23, 14:07:53:132] info: Configured logger via 
{
  "enableConsoleTransport": true,
  "identifierOverride": "webapp-service-worker-console",
  "loggerInstanceCount": 2
}
[12/18/23, 14:07:53:132] info: Predefined values for process 
{
  "NODE_ENV": "production",
  "platform": "linux",
  "type": "browser",
  "timeZone": "America/New_York",
  "PACKAGE_MANIFEST.productName": "Slack",
  "PACKAGE_MANIFEST.version": "4.35.131",
  "PACKAGE_MANIFEST.commit": "e5ca49e",
  "PACKAGE_MANIFEST.branch": "HEAD"
}
[12/21/23, 10:27:47:624] info: 
╔═════════════════════════════════════════════════════════╗
║      Slack 4.35.131, linux 6.2.0-39-generic on x64      ║
╚═════════════════════════════════════════════════════════╝ 
[12/21/23, 10:27:47:624] info: Configured logger via 
{
  "enableConsoleTransport": true,
  "identifierOverride": "webapp-service-worker-console",
  "loggerInstanceCount": 2
}
[12/21/23, 10:27:47:624] info: Predefined values for process 
{
  "NODE_ENV": "production",
  "platform": "linux",
  "type": "browser",
  "timeZone": "America/New_York",
  "PACKAGE_MANIFEST.productName": "Slack",
  "PACKAGE_MANIFEST.version": "4.35.131",
  "PACKAGE_MANIFEST.commit": "e5ca49e",
  "PACKAGE_MANIFEST.branch": "HEAD"
}
[01/26/24, 10:58:24:984] info: 
╔═════════════════════════════════════════════════════════╗
║      Slack 4.35.131, linux 6.5.0-14-generic on x64      ║
╚═════════════════════════════════════════════════════════╝ 
[01/26/24, 10:58:24:985] info: Configured logger via 
{
  "enableConsoleTransport": true,
  "identifierOverride": "webapp-service-worker-console",
  "loggerInstanceCount": 2
}
[01/26/24, 10:58:24:985] info: Predefined values for process 
{
  "NODE_ENV": "production",
  "platform": "linux",
  "type": "browser",
  "timeZone": "America/New_York",
  "PACKAGE_MANIFEST.productName": "Slack",
  "PACKAGE_MANIFEST.version": "4.35.131",
  "PACKAGE_MANIFEST.commit": "e5ca49e",
  "PACKAGE_MANIFEST.branch": "HEAD"
}
