["INFO" - 11:35:03 AM] Extension Name: esbenp.prettier-vscode.
["INFO" - 11:35:03 AM] Extension Version: 10.1.0.
["INFO" - 11:36:51 AM] Formatting file:///home/kolbe/ignatius-book-club/package.json
["INFO" - 11:36:51 AM] Using config file at '/home/kolbe/ignatius-book-club/prettier.config.js'
["INFO" - 11:36:51 AM] PrettierInstance:
{
  "modulePath": "/home/kolbe/ignatius-book-club/node_modules/prettier/index.cjs",
  "importResolver": {},
  "callMethodResolvers": {},
  "currentCallMethodId": 5,
  "version": "3.2.4"
}
["INFO" - 11:36:51 AM] Using ignore file (if present) at /home/kolbe/ignatius-book-club/.prettierignore
["INFO" - 11:36:52 AM] File Info:
{
  "ignored": false,
  "inferredParser": "json-stringify"
}
["INFO" - 11:36:52 AM] Detected local configuration (i.e. .prettierrc or .editorconfig), VS Code configuration will not be used
["INFO" - 11:36:52 AM] Prettier Options:
{
  "filepath": "/home/kolbe/ignatius-book-club/package.json",
  "parser": "json-stringify",
  "singleQuote": true,
  "jsxSingleQuote": true,
  "arrowParens": "always",
  "trailingComma": "none",
  "tabWidth": 2,
  "plugins": [
    "/home/kolbe/ignatius-book-club/node_modules/.pnpm/prettier-plugin-tailwindcss@0.5.11_prettier@3.2.4/node_modules/prettier-plugin-tailwindcss/dist/index.mjs"
  ]
}
["INFO" - 11:36:52 AM] Formatting completed in 688ms.
["INFO" - 11:54:17 AM] Formatting file:///home/kolbe/ignatius-book-club/apps/ignatius-book-fairs/cypress/e2e/spec.cy.ts
["INFO" - 11:54:17 AM] Using config file at '/home/kolbe/ignatius-book-club/prettier.config.js'
["INFO" - 11:54:17 AM] PrettierInstance:
{
  "modulePath": "/home/kolbe/ignatius-book-club/node_modules/prettier/index.cjs",
  "importResolver": {},
  "callMethodResolvers": {},
  "currentCallMethodId": 2,
  "version": "3.2.4"
}
["INFO" - 11:54:17 AM] Using ignore file (if present) at /home/kolbe/ignatius-book-club/.prettierignore
["INFO" - 11:54:17 AM] File Info:
{
  "ignored": false,
  "inferredParser": "typescript"
}
["INFO" - 11:54:17 AM] Detected local configuration (i.e. .prettierrc or .editorconfig), VS Code configuration will not be used
["INFO" - 11:54:17 AM] Prettier Options:
{
  "filepath": "/home/kolbe/ignatius-book-club/apps/ignatius-book-fairs/cypress/e2e/spec.cy.ts",
  "parser": "typescript",
  "singleQuote": true,
  "jsxSingleQuote": true,
  "arrowParens": "always",
  "trailingComma": "none",
  "tabWidth": 2,
  "plugins": [
    "/home/kolbe/ignatius-book-club/node_modules/.pnpm/prettier-plugin-tailwindcss@0.5.11_prettier@3.2.4/node_modules/prettier-plugin-tailwindcss/dist/index.mjs"
  ]
}
["INFO" - 11:54:17 AM] Formatting completed in 119ms.
