[Global] Creating projects: [{"folder":"/home/kolbe/ignatius-book-club","configPath":"/home/kolbe/ignatius-book-club/apps/ignatius-book-club/tailwind.config.ts","isUserConfigured":false,"documentSelector":[{"pattern":"/home/kolbe/ignatius-book-club/apps/ignatius-book-club/tailwind.config.ts","priority":0},{"pattern":"/home/kolbe/ignatius-book-club/apps/ignatius-book-club/**","priority":3}]},{"folder":"/home/kolbe/ignatius-book-club","configPath":"/home/kolbe/ignatius-book-club/apps/ignatius-book-fairs/tailwind.config.ts","isUserConfigured":false,"documentSelector":[{"pattern":"/home/kolbe/ignatius-book-club/apps/ignatius-book-fairs/tailwind.config.ts","priority":0},{"pattern":"/home/kolbe/ignatius-book-club/apps/ignatius-book-fairs/**","priority":3}]},{"folder":"/home/kolbe/ignatius-book-club","configPath":"/home/kolbe/ignatius-book-club/packages/tailwind-config/tailwind.config.ts","isUserConfigured":false,"documentSelector":[{"pattern":"/home/kolbe/ignatius-book-club/packages/tailwind-config/tailwind.config.ts","priority":0},{"pattern":"/home/kolbe/ignatius-book-club/packages/tailwind-config/**","priority":3}]},{"folder":"/home/kolbe/ignatius-book-club","configPath":"/home/kolbe/ignatius-book-club/packages/ui/tailwind.config.ts","isUserConfigured":false,"documentSelector":[{"pattern":"/home/kolbe/ignatius-book-club/packages/ui/tailwind.config.ts","priority":0},{"pattern":"/home/kolbe/ignatius-book-club/packages/ui/**","priority":3}]}]
[Global] Adding watch patterns: /home/kolbe/ignatius-book-club/apps/ignatius-book-club/tailwind.config.ts, /home/kolbe/ignatius-book-club/apps/ignatius-book-club, /home/kolbe/ignatius-book-club/apps, /home/kolbe/ignatius-book-club
[Global] Adding watch patterns: /home/kolbe/ignatius-book-club/apps/ignatius-book-fairs/tailwind.config.ts, /home/kolbe/ignatius-book-club/apps/ignatius-book-fairs
[Global] Adding watch patterns: /home/kolbe/ignatius-book-club/packages/tailwind-config/tailwind.config.ts, /home/kolbe/ignatius-book-club/packages/tailwind-config, /home/kolbe/ignatius-book-club/packages
[Global] Adding watch patterns: /home/kolbe/ignatius-book-club/packages/ui/tailwind.config.ts, /home/kolbe/ignatius-book-club/packages/ui
[apps/ignatius-book-fairs/tailwind.config.ts] Initializing...
[apps/ignatius-book-fairs/tailwind.config.ts] Loaded Tailwind CSS config file: /home/kolbe/ignatius-book-club/apps/ignatius-book-fairs/tailwind.config.ts
[apps/ignatius-book-fairs/tailwind.config.ts] Loaded postcss v8.4.33: /home/kolbe/ignatius-book-club/node_modules/.pnpm/postcss@8.4.33/node_modules/postcss
[apps/ignatius-book-fairs/tailwind.config.ts] Loaded tailwindcss v3.4.1: /home/kolbe/ignatius-book-club/node_modules/.pnpm/tailwindcss@3.4.1/node_modules/tailwindcss
[apps/ignatius-book-fairs/tailwind.config.ts] Building...
[apps/ignatius-book-fairs/tailwind.config.ts] File created: /home/kolbe/ignatius-book-club/pnpm-lock.yaml
[apps/ignatius-book-fairs/tailwind.config.ts] Initializing...
[apps/ignatius-book-fairs/tailwind.config.ts] File changed: /home/kolbe/ignatius-book-club/pnpm-lock.yaml
[apps/ignatius-book-fairs/tailwind.config.ts] Initializing...
[apps/ignatius-book-fairs/tailwind.config.ts] File changed: /home/kolbe/ignatius-book-club/pnpm-lock.yaml
[apps/ignatius-book-fairs/tailwind.config.ts] Initializing...
[apps/ignatius-book-fairs/tailwind.config.ts] File changed: /home/kolbe/ignatius-book-club/pnpm-lock.yaml
[apps/ignatius-book-fairs/tailwind.config.ts] Initializing...
[apps/ignatius-book-fairs/tailwind.config.ts] File changed: /home/kolbe/ignatius-book-club/pnpm-lock.yaml
[apps/ignatius-book-fairs/tailwind.config.ts] Initializing...
