2024-01-30 13:21:25.840 [info] Experiment 'pythonaacf' is active
2024-01-30 13:21:25.840 [info] Experiment 'pythonRecommendTensorboardExt' is active
2024-01-30 13:21:25.840 [info] Experiment 'pythonREPLSmartSend' is active
2024-01-30 13:21:25.840 [info] Experiment 'pythonTerminalEnvVarActivationcf' is active
2024-01-30 13:21:25.840 [info] Experiment 'pythonTestAdapter' is active
2024-01-30 13:21:25.840 [info] Default formatter is set to esbenp.prettier-vscode for workspace /home/kolbe/Dev/Tree
2024-01-30 13:21:25.840 [info] Test server listening.
2024-01-30 13:21:25.898 [warning] Retry failed, storage update failed for key PYTHON_GLOBAL_STORAGE_KEYS
2024-01-30 13:21:25.898 [warning] Retry failed, storage update failed for key PYTHON_WORKSPACE_STORAGE_KEYS
2024-01-30 13:21:25.898 [warning] Retry failed, storage update failed for key PYTHON_WORKSPACE_STORAGE_KEYS
2024-01-30 13:21:25.898 [warning] Retry failed, storage update failed for key PYTHON_WORKSPACE_STORAGE_KEYS
2024-01-30 13:21:25.898 [warning] Retry failed, storage update failed for key PYTHON_WORKSPACE_STORAGE_KEYS
2024-01-30 13:21:25.909 [info] Python interpreter path: /bin/python3
2024-01-30 13:21:25.941 [info] > conda info --json
2024-01-30 13:21:25.944 [warning] Retry failed, storage update failed for key PYTHON_GLOBAL_STORAGE_KEYS
2024-01-30 13:21:27.266 [info] Starting Pylance language server.
2024-01-30 13:22:46.370 [info] Discover tests for workspace name: Tree - uri: /home/kolbe/Dev/Tree/Node.py
2024-01-30 13:22:58.510 [info] Discover tests for workspace name: Tree - uri: /home/kolbe/Dev/Tree/Node.py
2024-01-30 13:23:16.066 [info] Discover tests for workspace name: Tree - uri: /home/kolbe/Dev/Tree/Node.py
2024-01-30 13:23:27.558 [info] Discover tests for workspace name: Tree - uri: /home/kolbe/Dev/Tree/Node.py
2024-01-30 13:23:58.731 [info] Discover tests for workspace name: Tree - uri: /home/kolbe/Dev/Tree/Node.py
2024-01-30 13:24:04.036 [info] Discover tests for workspace name: Tree - uri: /home/kolbe/Dev/Tree/Node.py
2024-01-30 13:24:22.760 [info] Discover tests for workspace name: Tree - uri: /home/kolbe/Dev/Tree/Node.py
2024-01-30 13:24:29.554 [info] Discover tests for workspace name: Tree - uri: /home/kolbe/Dev/Tree/Node.py
2024-01-30 13:24:52.916 [info] Discover tests for workspace name: Tree - uri: /home/kolbe/Dev/Tree/Node.py
2024-01-30 13:25:12.075 [info] Discover tests for workspace name: Tree - uri: /home/kolbe/Dev/Tree/Node.py
2024-01-30 13:25:36.711 [info] Discover tests for workspace name: Tree - uri: /home/kolbe/Dev/Tree/Node.py
2024-01-30 13:26:35.518 [info] Discover tests for workspace name: Tree - uri: /home/kolbe/Dev/Tree/Node.py
2024-01-30 13:26:42.843 [info] Discover tests for workspace name: Tree - uri: /home/kolbe/Dev/Tree/Node.py
2024-01-30 13:29:05.434 [info] Discover tests for workspace name: Tree - uri: /home/kolbe/Dev/Tree/Node.py
2024-01-30 13:29:48.040 [info] Discover tests for workspace name: Tree - uri: /home/kolbe/Dev/Tree/Node.py
2024-01-30 13:30:36.890 [info] Discover tests for workspace name: Tree - uri: /home/kolbe/Dev/Tree/Node.py
2024-01-30 13:30:56.035 [info] Discover tests for workspace name: Tree - uri: /home/kolbe/Dev/Tree/Node.py
2024-01-30 13:31:07.257 [info] Discover tests for workspace name: Tree - uri: /home/kolbe/Dev/Tree/Node.py
2024-01-30 13:31:19.331 [info] Discover tests for workspace name: Tree - uri: /home/kolbe/Dev/Tree/Node.py
2024-01-30 13:31:33.288 [info] Discover tests for workspace name: Tree - uri: /home/kolbe/Dev/Tree/Node.py
2024-01-30 13:31:43.023 [info] Discover tests for workspace name: Tree - uri: /home/kolbe/Dev/Tree/Node.py
2024-01-30 13:31:46.062 [info] Discover tests for workspace name: Tree - uri: /home/kolbe/Dev/Tree/Node.py
2024-01-30 13:32:01.943 [info] Discover tests for workspace name: Tree - uri: /home/kolbe/Dev/Tree/Node.py
2024-01-30 13:32:08.255 [info] Discover tests for workspace name: Tree - uri: /home/kolbe/Dev/Tree/Node.py
