2024-01-26 11:34:23.726 [info] Log level: Info
2024-01-26 11:34:23.726 [info] Validating found git in: "git"
2024-01-26 11:34:23.726 [info] Using git "2.34.1" from "git"
2024-01-26 11:34:23.726 [info] > git rev-parse --show-toplevel [2ms]
2024-01-26 11:34:23.726 [info] > git rev-parse --show-toplevel [2ms]
2024-01-26 11:34:23.726 [info] > git rev-parse --show-toplevel [1ms]
2024-01-26 11:34:23.726 [info] > git rev-parse --show-toplevel [1ms]
2024-01-26 11:34:23.726 [info] > git rev-parse --show-toplevel [1ms]
2024-01-26 11:34:23.726 [info] > git rev-parse --show-toplevel [3ms]
2024-01-26 11:34:24.054 [info] > git rev-parse --show-toplevel [3ms]
2024-01-26 11:34:47.772 [info] Log level: Info
2024-01-26 11:34:47.772 [info] Validating found git in: "git"
2024-01-26 11:34:47.772 [info] Using git "2.34.1" from "git"
2024-01-26 11:34:47.772 [info] > git rev-parse --show-toplevel [2ms]
2024-01-26 11:34:47.779 [info] > git rev-parse --show-toplevel [1ms]
2024-01-26 11:34:47.786 [info] > git rev-parse --show-toplevel [1ms]
2024-01-26 11:34:47.995 [info] > git rev-parse --show-toplevel [2ms]
2024-01-26 11:34:48.342 [info] > git rev-parse --show-toplevel [1ms]
2024-01-26 11:35:03.603 [info] Log level: Info
2024-01-26 11:35:03.603 [info] Validating found git in: "git"
2024-01-26 11:35:03.603 [info] Using git "2.34.1" from "git"
2024-01-26 11:35:03.603 [info] > git rev-parse --show-toplevel [6ms]
2024-01-26 11:35:03.624 [info] > git rev-parse --git-dir --git-common-dir [15ms]
2024-01-26 11:35:03.653 [info] Open repository: /home/kolbe/ignatius-book-club
2024-01-26 11:35:03.687 [info] > git rev-parse --show-toplevel [8ms]
2024-01-26 11:35:03.688 [info] > git config --get commit.template [19ms]
2024-01-26 11:35:03.704 [info] > git rev-parse --show-toplevel [10ms]
2024-01-26 11:35:03.710 [info] > git for-each-ref --format=%(refname)%00%(upstream:short)%00%(objectname)%00%(upstream:track)%00%(upstream:remotename)%00%(upstream:remoteref) refs/heads/IBC-442-cypress-testing refs/remotes/IBC-442-cypress-testing [8ms]
2024-01-26 11:35:03.716 [info] > git rev-parse --show-toplevel [7ms]
2024-01-26 11:35:03.831 [info] > git rev-parse --show-toplevel [109ms]
2024-01-26 11:35:03.900 [info] > git status -z -uall [72ms]
2024-01-26 11:35:03.936 [info] > git rev-parse --show-toplevel [38ms]
2024-01-26 11:35:03.956 [info] > git config --get commit.template [22ms]
2024-01-26 11:35:03.958 [info] > git rev-parse --show-toplevel [5ms]
2024-01-26 11:35:03.975 [info] > git for-each-ref --format=%(refname)%00%(upstream:short)%00%(objectname)%00%(upstream:track)%00%(upstream:remotename)%00%(upstream:remoteref) refs/heads/IBC-442-cypress-testing refs/remotes/IBC-442-cypress-testing [2ms]
2024-01-26 11:35:04.017 [info] > git status -z -uall [33ms]
2024-01-26 11:35:04.172 [info] > git check-ignore -v -z --stdin [2ms]
2024-01-26 11:35:05.382 [info] > git check-ignore -v -z --stdin [3ms]
2024-01-26 11:35:32.074 [info] > git config --get commit.template [19ms]
2024-01-26 11:35:32.076 [info] > git for-each-ref --format=%(refname)%00%(upstream:short)%00%(objectname)%00%(upstream:track)%00%(upstream:remotename)%00%(upstream:remoteref) refs/heads/IBC-442-cypress-testing refs/remotes/IBC-442-cypress-testing [4ms]
2024-01-26 11:35:32.105 [info] > git status -z -uall [12ms]
2024-01-26 11:35:54.411 [info] > git config --get commit.template [18ms]
2024-01-26 11:35:54.413 [info] > git for-each-ref --format=%(refname)%00%(upstream:short)%00%(objectname)%00%(upstream:track)%00%(upstream:remotename)%00%(upstream:remoteref) refs/heads/IBC-442-cypress-testing refs/remotes/IBC-442-cypress-testing [5ms]
2024-01-26 11:35:54.446 [info] > git status -z -uall [17ms]
2024-01-26 11:35:57.152 [info] > git show --textconv :apps/ignatius-book-fairs/src/app/HomePage/HeroSection.tsx [14ms]
2024-01-26 11:35:57.167 [info] > git ls-files --stage -- /home/kolbe/ignatius-book-club/apps/ignatius-book-fairs/src/app/HomePage/HeroSection.tsx [17ms]
2024-01-26 11:35:57.181 [info] > git cat-file -s 8c635e910af1c42c96ec8c9c7c475e8b0f611218 [4ms]
2024-01-26 11:35:57.500 [info] > git ls-files --stage -- /home/kolbe/ignatius-book-club/apps/ignatius-book-fairs/src/app/HomePage/HeroSection.tsx [2ms]
2024-01-26 11:35:57.514 [info] > git cat-file -s 8c635e910af1c42c96ec8c9c7c475e8b0f611218 [3ms]
2024-01-26 11:35:57.528 [info] > git show --textconv :apps/ignatius-book-fairs/src/app/HomePage/HeroSection.tsx [2ms]
2024-01-26 11:35:59.478 [info] > git config --get commit.template [9ms]
2024-01-26 11:35:59.479 [info] > git for-each-ref --format=%(refname)%00%(upstream:short)%00%(objectname)%00%(upstream:track)%00%(upstream:remotename)%00%(upstream:remoteref) refs/heads/IBC-581-Hero refs/remotes/IBC-581-Hero [2ms]
2024-01-26 11:35:59.493 [info] > git status -z -uall [7ms]
2024-01-26 11:36:04.325 [info] > git ls-files --stage -- /home/kolbe/ignatius-book-club/apps/ignatius-book-fairs/src/app/HomePage/HeroSection.tsx [3ms]
2024-01-26 11:36:04.343 [info] > git cat-file -s 8c635e910af1c42c96ec8c9c7c475e8b0f611218 [4ms]
2024-01-26 11:36:04.367 [info] > git show --textconv :apps/ignatius-book-fairs/src/app/HomePage/HeroSection.tsx [5ms]
2024-01-26 11:36:04.536 [info] > git config --get commit.template [17ms]
2024-01-26 11:36:04.538 [info] > git for-each-ref --format=%(refname)%00%(upstream:short)%00%(objectname)%00%(upstream:track)%00%(upstream:remotename)%00%(upstream:remoteref) refs/heads/IBC-581-Hero refs/remotes/IBC-581-Hero [4ms]
2024-01-26 11:36:04.587 [info] > git status -z -uall [35ms]
2024-01-26 11:36:13.202 [info] > git check-ignore -v -z --stdin [4ms]
2024-01-26 11:36:13.865 [info] > git check-ignore -v -z --stdin [4ms]
2024-01-26 11:36:15.966 [info] > git check-ignore -v -z --stdin [1ms]
2024-01-26 11:36:17.012 [info] > git check-ignore -v -z --stdin [3ms]
2024-01-26 11:36:18.748 [info] > git check-ignore -v -z --stdin [1ms]
2024-01-26 11:36:20.820 [info] > git check-ignore -v -z --stdin [2ms]
2024-01-26 11:36:21.968 [info] > git check-ignore -v -z --stdin [4ms]
2024-01-26 11:36:23.579 [info] > git check-ignore -v -z --stdin [1ms]
2024-01-26 11:36:25.609 [info] > git check-ignore -v -z --stdin [1ms]
2024-01-26 11:36:35.990 [info] > git show --textconv :package.json [7ms]
2024-01-26 11:36:35.991 [info] > git ls-files --stage -- /home/kolbe/ignatius-book-club/package.json [2ms]
2024-01-26 11:36:35.997 [info] > git cat-file -s 9eb4ae157cbce974715df2799ebe94a582edecef [1ms]
2024-01-26 11:36:53.711 [info] > git config --get commit.template [25ms]
2024-01-26 11:36:53.713 [info] > git for-each-ref --format=%(refname)%00%(upstream:short)%00%(objectname)%00%(upstream:track)%00%(upstream:remotename)%00%(upstream:remoteref) refs/heads/IBC-581-Hero refs/remotes/IBC-581-Hero [10ms]
2024-01-26 11:36:53.754 [info] > git status -z -uall [18ms]
2024-01-26 11:37:10.708 [info] > git config --get commit.template [23ms]
2024-01-26 11:37:10.709 [info] > git for-each-ref --format=%(refname)%00%(upstream:short)%00%(objectname)%00%(upstream:track)%00%(upstream:remotename)%00%(upstream:remoteref) refs/heads/IBC-581-Hero refs/remotes/IBC-581-Hero [4ms]
2024-01-26 11:37:10.743 [info] > git status -z -uall [12ms]
2024-01-26 11:37:19.173 [info] > git config --get commit.template [21ms]
2024-01-26 11:37:19.176 [info] > git for-each-ref --format=%(refname)%00%(upstream:short)%00%(objectname)%00%(upstream:track)%00%(upstream:remotename)%00%(upstream:remoteref) refs/heads/IBC-581-Hero refs/remotes/IBC-581-Hero [6ms]
2024-01-26 11:37:19.211 [info] > git status -z -uall [13ms]
2024-01-26 11:37:19.338 [info] > git ls-files --stage -- /home/kolbe/ignatius-book-club/package.json [2ms]
2024-01-26 11:37:19.347 [info] > git cat-file -s f195c4cf2ee56ea90412c6fbcbb9b4770957ecbc [2ms]
2024-01-26 11:37:19.357 [info] > git show --textconv :package.json [1ms]
2024-01-26 11:37:39.649 [info] > git config --get commit.template [23ms]
2024-01-26 11:37:39.652 [info] > git for-each-ref --format=%(refname)%00%(upstream:short)%00%(objectname)%00%(upstream:track)%00%(upstream:remotename)%00%(upstream:remoteref) refs/heads/IBC-581-Hero refs/remotes/IBC-581-Hero [5ms]
2024-01-26 11:37:39.685 [info] > git status -z -uall [12ms]
2024-01-26 11:37:39.829 [info] > git ls-files --stage -- /home/kolbe/ignatius-book-club/package.json [2ms]
2024-01-26 11:37:39.841 [info] > git cat-file -s f195c4cf2ee56ea90412c6fbcbb9b4770957ecbc [1ms]
2024-01-26 11:37:39.858 [info] > git show --textconv :package.json [2ms]
2024-01-26 11:37:47.749 [info] > git config --get commit.template [5ms]
2024-01-26 11:37:47.772 [info] > git for-each-ref --format=%(refname)%00%(upstream:short)%00%(objectname)%00%(upstream:track)%00%(upstream:remotename)%00%(upstream:remoteref) refs/heads/IBC-581-Hero refs/remotes/IBC-581-Hero [4ms]
2024-01-26 11:37:47.802 [info] > git status -z -uall [11ms]
2024-01-26 11:37:47.853 [info] > git ls-files --stage -- /home/kolbe/ignatius-book-club/package.json [4ms]
2024-01-26 11:37:47.873 [info] > git cat-file -s f195c4cf2ee56ea90412c6fbcbb9b4770957ecbc [4ms]
2024-01-26 11:37:47.901 [info] > git show --textconv :package.json [5ms]
2024-01-26 11:40:33.483 [info] > git config --get commit.template [29ms]
2024-01-26 11:40:33.486 [info] > git for-each-ref --format=%(refname)%00%(upstream:short)%00%(objectname)%00%(upstream:track)%00%(upstream:remotename)%00%(upstream:remoteref) refs/heads/IBC-581-Hero refs/remotes/IBC-581-Hero [6ms]
2024-01-26 11:40:33.530 [info] > git status -z -uall [15ms]
2024-01-26 11:41:15.710 [info] > git config --get commit.template [5ms]
2024-01-26 11:41:15.711 [info] > git for-each-ref --format=%(refname)%00%(upstream:short)%00%(objectname)%00%(upstream:track)%00%(upstream:remotename)%00%(upstream:remoteref) refs/heads/IBC-581-Hero refs/remotes/IBC-581-Hero [1ms]
2024-01-26 11:41:15.718 [info] > git status -z -uall [2ms]
2024-01-26 11:54:00.596 [info] > git check-ignore -v -z --stdin [1ms]
2024-01-26 11:54:01.943 [info] > git check-ignore -v -z --stdin [4ms]
2024-01-26 11:54:02.928 [info] > git check-ignore -v -z --stdin [1ms]
2024-01-26 11:54:03.860 [info] > git show --textconv :apps/ignatius-book-fairs/cypress/e2e/spec.cy.ts [11ms]
2024-01-26 11:54:03.862 [info] > git ls-files --stage -- /home/kolbe/ignatius-book-club/apps/ignatius-book-fairs/cypress/e2e/spec.cy.ts [3ms]
2024-01-26 11:54:18.378 [info] > git config --get commit.template [28ms]
2024-01-26 11:54:18.380 [info] > git for-each-ref --format=%(refname)%00%(upstream:short)%00%(objectname)%00%(upstream:track)%00%(upstream:remotename)%00%(upstream:remoteref) refs/heads/IBC-581-Hero refs/remotes/IBC-581-Hero [5ms]
2024-01-26 11:54:18.399 [info] > git status -z -uall [3ms]
2024-01-26 11:56:50.630 [info] > git config --get commit.template [18ms]
2024-01-26 11:56:50.653 [info] > git ls-files --stage -- /home/kolbe/ignatius-book-club/apps/ignatius-book-fairs/cypress/e2e/spec.cy.ts [26ms]
2024-01-26 11:56:50.656 [info] > git for-each-ref --format=%(refname)%00%(upstream:short)%00%(objectname)%00%(upstream:track)%00%(upstream:remotename)%00%(upstream:remoteref) refs/heads/IBC-442-cypress-testing refs/remotes/IBC-442-cypress-testing [5ms]
2024-01-26 11:56:50.709 [info] > git show --textconv :apps/ignatius-book-fairs/cypress/e2e/spec.cy.ts [27ms]
2024-01-26 11:56:50.721 [info] > git status -z -uall [13ms]
2024-01-26 11:56:55.742 [info] > git config --get commit.template [5ms]
2024-01-26 11:56:55.743 [info] > git for-each-ref --format=%(refname)%00%(upstream:short)%00%(objectname)%00%(upstream:track)%00%(upstream:remotename)%00%(upstream:remoteref) refs/heads/IBC-442-cypress-testing refs/remotes/IBC-442-cypress-testing [2ms]
2024-01-26 11:56:55.750 [info] > git status -z -uall [3ms]
2024-01-26 11:57:00.777 [info] > git config --get commit.template [12ms]
2024-01-26 11:57:00.778 [info] > git for-each-ref --format=%(refname)%00%(upstream:short)%00%(objectname)%00%(upstream:track)%00%(upstream:remotename)%00%(upstream:remoteref) refs/heads/IBC-442-cypress-testing refs/remotes/IBC-442-cypress-testing [2ms]
2024-01-26 11:57:00.796 [info] > git status -z -uall [5ms]
2024-01-26 11:57:05.816 [info] > git config --get commit.template [7ms]
2024-01-26 11:57:05.817 [info] > git for-each-ref --format=%(refname)%00%(upstream:short)%00%(objectname)%00%(upstream:track)%00%(upstream:remotename)%00%(upstream:remoteref) refs/heads/IBC-442-cypress-testing refs/remotes/IBC-442-cypress-testing [2ms]
2024-01-26 11:57:05.832 [info] > git status -z -uall [5ms]
