2024-01-26 11:34:23.058 [info] Added views:workbench.panel.markers.view in workbench.panel.markers
2024-01-26 11:34:23.058 [info] Added views:workbench.panel.output in workbench.panel.output
2024-01-26 11:34:23.058 [info] Added views:terminal in terminal
2024-01-26 11:34:23.058 [info] Added views:outline in workbench.view.explorer
2024-01-26 11:34:23.058 [info] Added views:workbench.scm in workbench.view.scm
2024-01-26 11:34:23.058 [info] Added views:workbench.view.search in workbench.view.search
2024-01-26 11:34:23.058 [info] Added views:timeline in workbench.view.explorer
2024-01-26 11:34:23.058 [info] Added views:workbench.explorer.openEditorsView,workbench.explorer.fileView in workbench.view.explorer
2024-01-26 11:34:23.270 [info] Added views:dockerContainers,dockerImages,dockerRegistries,dockerNetworks,dockerVolumes,vscode-docker.views.dockerContexts,vscode-docker.views.help in workbench.view.extension.dockerView
2024-01-26 11:34:23.404 [info] Added views:workbench.debug.variablesView,workbench.debug.watchExpressionsView,workbench.debug.callStackView,workbench.debug.breakPointsView in workbench.view.debug
2024-01-26 11:34:23.506 [info] Added views:workbench.panel.repl.view in workbench.panel.repl
2024-01-26 11:34:23.508 [info] Removed views:workbench.debug.breakPointsView,workbench.debug.callStackView,workbench.debug.watchExpressionsView,workbench.debug.variablesView from workbench.view.debug
2024-01-26 11:34:23.509 [info] Added views:workbench.debug.welcome in workbench.view.debug
2024-01-26 11:34:23.557 [info] Added views:~remote.forwardedPorts in ~remote.forwardedPortsContainer
2024-01-26 11:34:47.227 [info] Added views:workbench.panel.markers.view in workbench.panel.markers
2024-01-26 11:34:47.227 [info] Added views:workbench.panel.output in workbench.panel.output
2024-01-26 11:34:47.227 [info] Added views:terminal in terminal
2024-01-26 11:34:47.227 [info] Added views:outline in workbench.view.explorer
2024-01-26 11:34:47.227 [info] Added views:workbench.scm in workbench.view.scm
2024-01-26 11:34:47.227 [info] Added views:workbench.view.search in workbench.view.search
2024-01-26 11:34:47.227 [info] Added views:timeline in workbench.view.explorer
2024-01-26 11:34:47.227 [info] Added views:workbench.explorer.openEditorsView,workbench.explorer.fileView in workbench.view.explorer
2024-01-26 11:34:47.353 [info] Added views:dockerContainers,dockerImages,dockerRegistries,dockerNetworks,dockerVolumes,vscode-docker.views.dockerContexts,vscode-docker.views.help in workbench.view.extension.dockerView
2024-01-26 11:34:47.510 [info] Added views:workbench.debug.variablesView,workbench.debug.watchExpressionsView,workbench.debug.callStackView,workbench.debug.breakPointsView in workbench.view.debug
2024-01-26 11:34:47.535 [info] Added views:~remote.forwardedPorts in ~remote.forwardedPortsContainer
2024-01-26 11:34:47.671 [info] Added views:workbench.panel.repl.view in workbench.panel.repl
2024-01-26 11:34:47.677 [info] Removed views:workbench.debug.breakPointsView,workbench.debug.callStackView,workbench.debug.watchExpressionsView,workbench.debug.variablesView from workbench.view.debug
2024-01-26 11:34:47.678 [info] Added views:workbench.debug.welcome in workbench.view.debug
2024-01-26 11:35:02.997 [info] Added views:workbench.panel.markers.view in workbench.panel.markers
2024-01-26 11:35:02.997 [info] Added views:workbench.panel.output in workbench.panel.output
2024-01-26 11:35:02.997 [info] Added views:terminal in terminal
2024-01-26 11:35:02.997 [info] Added views:outline in workbench.view.explorer
2024-01-26 11:35:02.997 [info] Added views:workbench.scm in workbench.view.scm
2024-01-26 11:35:02.997 [info] Added views:workbench.view.search in workbench.view.search
2024-01-26 11:35:02.997 [info] Added views:timeline in workbench.view.explorer
2024-01-26 11:35:02.997 [info] Added views:workbench.explorer.openEditorsView,workbench.explorer.fileView in workbench.view.explorer
2024-01-26 11:35:03.202 [info] Added views:dockerContainers,dockerImages,dockerRegistries,dockerNetworks,dockerVolumes,vscode-docker.views.dockerContexts,vscode-docker.views.help in workbench.view.extension.dockerView
2024-01-26 11:35:03.433 [info] Added views:workbench.debug.variablesView,workbench.debug.watchExpressionsView,workbench.debug.callStackView,workbench.debug.breakPointsView in workbench.view.debug
2024-01-26 11:35:03.487 [info] Added views:workbench.panel.repl.view in workbench.panel.repl
2024-01-26 11:35:03.924 [info] Added views:~remote.forwardedPorts in ~remote.forwardedPortsContainer
